<?xml version="1.0" encoding="UTF-8"?>
<!-- Generated by org.testng.reporters.JUnitReportReporter -->
<testsuite hostname="JaNi" failures="0" tests="1" name="basics" time="7.715" errors="0" timestamp="2025-06-01T22:32:52 EDT" skipped="0">
  <testcase classname="basics" name="basics" time="7.715"/>
</testsuite> <!-- basics -->
